<?xml version="1.0" encoding="UTF-8"?><testrun name="PageHelperTest.testPageHelper" project="e3-manager-service" tests="1" started="1" failures="0" errors="1" ignored="0">
  <testcase name="initializationError" classname="org.junit.runner.manipulation.Filter" time="0.002">
    <error>java.lang.Exception: No tests found matching [{ExactMatcher:fDisplayName=testPageHelper], {ExactMatcher:fDisplayName=testPageHelper(cn.e3mall.pagehelper.PageHelperTest)], {LeadingIdentifierMatcher:fClassName=cn.e3mall.pagehelper.PageHelperTest,fLeadingIdentifier=testPageHelper]] from org.junit.internal.requests.ClassRequest@1806e9d2&#13;
	at org.junit.internal.requests.FilterRequest.getRunner(FilterRequest.java:40)&#13;
	at org.eclipse.jdt.internal.junit4.runner.JUnit4TestLoader.createFilteredTest(JUnit4TestLoader.java:77)&#13;
	at org.eclipse.jdt.internal.junit4.runner.JUnit4TestLoader.createTest(JUnit4TestLoader.java:68)&#13;
	at org.eclipse.jdt.internal.junit4.runner.JUnit4TestLoader.loadTests(JUnit4TestLoader.java:43)&#13;
	at org.eclipse.jdt.internal.junit.runner.RemoteTestRunner.runTests(RemoteTestRunner.java:444)&#13;
	at org.eclipse.jdt.internal.junit.runner.RemoteTestRunner.runTests(RemoteTestRunner.java:678)&#13;
	at org.eclipse.jdt.internal.junit.runner.RemoteTestRunner.run(RemoteTestRunner.java:382)&#13;
	at org.eclipse.jdt.internal.junit.runner.RemoteTestRunner.main(RemoteTestRunner.java:192)&#13;
&#13;
</error>
  </testcase>
</testrun>
